Traceback (most recent call last):
  File "/Users/joao/opt/anaconda3/envs/teaching/lib/python3.10/site-packages/jupyter_cache/executors/utils.py", line 51, in single_nb_execution
    executenb(
  File "/Users/joao/opt/anaconda3/envs/teaching/lib/python3.10/site-packages/nbclient/client.py", line 1204, in execute
    return NotebookClient(nb=nb, resources=resources, km=km, **kwargs).execute()
  File "/Users/joao/opt/anaconda3/envs/teaching/lib/python3.10/site-packages/nbclient/util.py", line 84, in wrapped
    return just_run(coro(*args, **kwargs))
  File "/Users/joao/opt/anaconda3/envs/teaching/lib/python3.10/site-packages/nbclient/util.py", line 62, in just_run
    return loop.run_until_complete(coro)
  File "/Users/joao/opt/anaconda3/envs/teaching/lib/python3.10/asyncio/base_events.py", line 649, in run_until_complete
    return future.result()
  File "/Users/joao/opt/anaconda3/envs/teaching/lib/python3.10/site-packages/nbclient/client.py", line 663, in async_execute
    await self.async_execute_cell(
  File "/Users/joao/opt/anaconda3/envs/teaching/lib/python3.10/site-packages/nbclient/client.py", line 965, in async_execute_cell
    await self._check_raise_for_error(cell, cell_index, exec_reply)
  File "/Users/joao/opt/anaconda3/envs/teaching/lib/python3.10/site-packages/nbclient/client.py", line 862, in _check_raise_for_error
    raise CellExecutionError.from_cell_and_msg(cell, exec_reply_content)
nbclient.exceptions.CellExecutionError: An error occurred while executing the following cell:
------------------
import numpy as np
import matplotlib.pyplot as plt

N     = 30       # Number of time steps
M     = 100      # Number of grid points
c     = 0.75     # Propagation speed

dt = 0.01
dx = 1/M

print("Number of time steps = {:d}".format(N))
print("Number of grid points = {:d}".format(M))
print("Time step = {:f}".format(dt))
print("Grid size = {:f}".format(dx))
print("CFL number = {:f}".format(c*dt/dx))

# Grid points
X=np.linspace(0,1,M)

# Integrate the initial condition N time steps
U=crankNicholson(topHat(X),c,dt,dx,N,M)
------------------

[0;31m---------------------------------------------------------------------------[0m
[0;31mNameError[0m                                 Traceback (most recent call last)
Cell [0;32mIn[3], line 21[0m
[1;32m     18[0m X[38;5;241m=[39mnp[38;5;241m.[39mlinspace([38;5;241m0[39m,[38;5;241m1[39m,M)
[1;32m     20[0m [38;5;66;03m# Integrate the initial condition N time steps[39;00m
[0;32m---> 21[0m U[38;5;241m=[39m[43mcrankNicholson[49m[43m([49m[43mtopHat[49m[43m([49m[43mX[49m[43m)[49m[43m,[49m[43mc[49m[43m,[49m[43mdt[49m[43m,[49m[43mdx[49m[43m,[49m[43mN[49m[43m,[49m[43mM[49m[43m)[49m

Cell [0;32mIn[2], line 20[0m, in [0;36mcrankNicholson[0;34m(u0, c, dt, dx, N, M)[0m
[1;32m     17[0m r2[38;5;241m=[39malpha[38;5;241m*[39mC[38;5;241m/[39m[38;5;241m2[39m
[1;32m     19[0m ones [38;5;241m=[39m np[38;5;241m.[39mones((M[38;5;241m-[39m[38;5;241m2[39m,))
[0;32m---> 20[0m H [38;5;241m=[39m [43mspdiags[49m( [[38;5;241m-[39mr2[38;5;241m*[39mones, ones, r2[38;5;241m*[39mones], ([38;5;241m-[39m[38;5;241m1[39m,[38;5;241m0[39m,[38;5;241m1[39m), M[38;5;241m-[39m[38;5;241m2[39m, M[38;5;241m-[39m[38;5;241m2[39m )
[1;32m     21[0m B [38;5;241m=[39m spdiags( [r1[38;5;241m*[39mones, ones, [38;5;241m-[39mr1[38;5;241m*[39mones], ([38;5;241m-[39m[38;5;241m1[39m,[38;5;241m0[39m,[38;5;241m1[39m), M[38;5;241m-[39m[38;5;241m2[39m, M[38;5;241m-[39m[38;5;241m2[39m )
[1;32m     23[0m [38;5;28;01mfor[39;00m l [38;5;129;01min[39;00m [38;5;28mrange[39m([38;5;241m1[39m, N):

[0;31mNameError[0m: name 'spdiags' is not defined
NameError: name 'spdiags' is not defined

