Traceback (most recent call last):
  File "C:\Users\kda005\Anaconda3\envs\GEOF211_compendium\Lib\site-packages\jupyter_cache\executors\utils.py", line 58, in single_nb_execution
    executenb(
  File "C:\Users\kda005\Anaconda3\envs\GEOF211_compendium\Lib\site-packages\nbclient\client.py", line 1314, in execute
    return NotebookClient(nb=nb, resources=resources, km=km, **kwargs).execute()
           ^^^^^^^^^^^^^^^^^^^^^^^^^^^^^^^^^^^^^^^^^^^^^^^^^^^^^^^^^^^^^^^^^^^^^
  File "C:\Users\kda005\Anaconda3\envs\GEOF211_compendium\Lib\site-packages\jupyter_core\utils\__init__.py", line 165, in wrapped
    return loop.run_until_complete(inner)
           ^^^^^^^^^^^^^^^^^^^^^^^^^^^^^^
  File "C:\Users\kda005\Anaconda3\envs\GEOF211_compendium\Lib\asyncio\base_events.py", line 687, in run_until_complete
    return future.result()
           ^^^^^^^^^^^^^^^
  File "C:\Users\kda005\Anaconda3\envs\GEOF211_compendium\Lib\site-packages\nbclient\client.py", line 709, in async_execute
    await self.async_execute_cell(
  File "C:\Users\kda005\Anaconda3\envs\GEOF211_compendium\Lib\site-packages\nbclient\client.py", line 1062, in async_execute_cell
    await self._check_raise_for_error(cell, cell_index, exec_reply)
  File "C:\Users\kda005\Anaconda3\envs\GEOF211_compendium\Lib\site-packages\nbclient\client.py", line 918, in _check_raise_for_error
    raise CellExecutionError.from_cell_and_msg(cell, exec_reply_content)
nbclient.exceptions.CellExecutionError: An error occurred while executing the following cell:
------------------
#import fft package using only real numbers into the transform
from scipy.fft import rfft, rfftfreq

# Calculate N
N = len(t)

# Compute the Fourier transform
frequency_eval_max = 100 #max number of components
superposition_wave_rfft = rfft(superposition_wave, n=frequency_eval_max)
n = np.shape(superposition_wave_rfft)[0] 
frequencies_rel=rfftfreq(N, 1 / Fs)
#frequencies_rel = n*Fs/frequency_eval_max * np.linspace(0,1,int(n))

# Plot the Fourier transform
plt.figure(figsize=(8, 6))
plt.plot(frequencies_rel, np.abs(superposition_wave_rfft),'k',lw=2, label="Fourier Transform")
plt.stem(frequencies_rel, np.abs(superposition_wave_rfft),'k')

plt.title('Spectrum')
plt.xlabel('Frequency[Hz]')
plt.ylabel('Amplitude')

#plt.xlim([0,5])
plt.xlabel("Frequency (Hz)")
plt.ylabel("Amplitude")
plt.title("Fourier Transform of superposition wave")
------------------


[1;31m---------------------------------------------------------------------------[0m
[1;31mValueError[0m                                Traceback (most recent call last)
Cell [1;32mIn[2], line 16[0m
[0;32m     12[0m [38;5;66;03m#frequencies_rel = n*Fs/frequency_eval_max * np.linspace(0,1,int(n))[39;00m
[0;32m     13[0m 
[0;32m     14[0m [38;5;66;03m# Plot the Fourier transform[39;00m
[0;32m     15[0m plt[38;5;241m.[39mfigure(figsize[38;5;241m=[39m([38;5;241m8[39m, [38;5;241m6[39m))
[1;32m---> 16[0m [43mplt[49m[38;5;241;43m.[39;49m[43mplot[49m[43m([49m[43mfrequencies_rel[49m[43m,[49m[43m [49m[43mnp[49m[38;5;241;43m.[39;49m[43mabs[49m[43m([49m[43msuperposition_wave_rfft[49m[43m)[49m[43m,[49m[38;5;124;43m'[39;49m[38;5;124;43mk[39;49m[38;5;124;43m'[39;49m[43m,[49m[43mlw[49m[38;5;241;43m=[39;49m[38;5;241;43m2[39;49m[43m,[49m[43m [49m[43mlabel[49m[38;5;241;43m=[39;49m[38;5;124;43m"[39;49m[38;5;124;43mFourier Transform[39;49m[38;5;124;43m"[39;49m[43m)[49m
[0;32m     17[0m plt[38;5;241m.[39mstem(frequencies_rel, np[38;5;241m.[39mabs(superposition_wave_rfft),[38;5;124m'[39m[38;5;124mk[39m[38;5;124m'[39m)
[0;32m     19[0m plt[38;5;241m.[39mtitle([38;5;124m'[39m[38;5;124mSpectrum[39m[38;5;124m'[39m)

File [1;32m~\Anaconda3\envs\GEOF211_compendium\Lib\site-packages\matplotlib\pyplot.py:3590[0m, in [0;36mplot[1;34m(scalex, scaley, data, *args, **kwargs)[0m
[0;32m   3582[0m [38;5;129m@_copy_docstring_and_deprecators[39m(Axes[38;5;241m.[39mplot)
[0;32m   3583[0m [38;5;28;01mdef[39;00m [38;5;21mplot[39m(
[0;32m   3584[0m     [38;5;241m*[39margs: [38;5;28mfloat[39m [38;5;241m|[39m ArrayLike [38;5;241m|[39m [38;5;28mstr[39m,
[1;32m   (...)[0m
[0;32m   3588[0m     [38;5;241m*[39m[38;5;241m*[39mkwargs,
[0;32m   3589[0m ) [38;5;241m-[39m[38;5;241m>[39m [38;5;28mlist[39m[Line2D]:
[1;32m-> 3590[0m     [38;5;28;01mreturn[39;00m [43mgca[49m[43m([49m[43m)[49m[38;5;241;43m.[39;49m[43mplot[49m[43m([49m
[0;32m   3591[0m [43m        [49m[38;5;241;43m*[39;49m[43margs[49m[43m,[49m
[0;32m   3592[0m [43m        [49m[43mscalex[49m[38;5;241;43m=[39;49m[43mscalex[49m[43m,[49m
[0;32m   3593[0m [43m        [49m[43mscaley[49m[38;5;241;43m=[39;49m[43mscaley[49m[43m,[49m
[0;32m   3594[0m [43m        [49m[38;5;241;43m*[39;49m[38;5;241;43m*[39;49m[43m([49m[43m{[49m[38;5;124;43m"[39;49m[38;5;124;43mdata[39;49m[38;5;124;43m"[39;49m[43m:[49m[43m [49m[43mdata[49m[43m}[49m[43m [49m[38;5;28;43;01mif[39;49;00m[43m [49m[43mdata[49m[43m [49m[38;5;129;43;01mis[39;49;00m[43m [49m[38;5;129;43;01mnot[39;49;00m[43m [49m[38;5;28;43;01mNone[39;49;00m[43m [49m[38;5;28;43;01melse[39;49;00m[43m [49m[43m{[49m[43m}[49m[43m)[49m[43m,[49m
[0;32m   3595[0m [43m        [49m[38;5;241;43m*[39;49m[38;5;241;43m*[39;49m[43mkwargs[49m[43m,[49m
[0;32m   3596[0m [43m    [49m[43m)[49m

File [1;32m~\Anaconda3\envs\GEOF211_compendium\Lib\site-packages\matplotlib\axes\_axes.py:1724[0m, in [0;36mAxes.plot[1;34m(self, scalex, scaley, data, *args, **kwargs)[0m
[0;32m   1481[0m [38;5;250m[39m[38;5;124;03m"""[39;00m
[0;32m   1482[0m [38;5;124;03mPlot y versus x as lines and/or markers.[39;00m
[0;32m   1483[0m 
[1;32m   (...)[0m
[0;32m   1721[0m [38;5;124;03m(``'green'``) or hex strings (``'#008000'``).[39;00m
[0;32m   1722[0m [38;5;124;03m"""[39;00m
[0;32m   1723[0m kwargs [38;5;241m=[39m cbook[38;5;241m.[39mnormalize_kwargs(kwargs, mlines[38;5;241m.[39mLine2D)
[1;32m-> 1724[0m lines [38;5;241m=[39m [[38;5;241m*[39m[38;5;28mself[39m[38;5;241m.[39m_get_lines([38;5;28mself[39m, [38;5;241m*[39margs, data[38;5;241m=[39mdata, [38;5;241m*[39m[38;5;241m*[39mkwargs)]
[0;32m   1725[0m [38;5;28;01mfor[39;00m line [38;5;129;01min[39;00m lines:
[0;32m   1726[0m     [38;5;28mself[39m[38;5;241m.[39madd_line(line)

File [1;32m~\Anaconda3\envs\GEOF211_compendium\Lib\site-packages\matplotlib\axes\_base.py:303[0m, in [0;36m_process_plot_var_args.__call__[1;34m(self, axes, data, *args, **kwargs)[0m
[0;32m    301[0m     this [38;5;241m+[39m[38;5;241m=[39m args[[38;5;241m0[39m],
[0;32m    302[0m     args [38;5;241m=[39m args[[38;5;241m1[39m:]
[1;32m--> 303[0m [38;5;28;01myield from[39;00m [38;5;28;43mself[39;49m[38;5;241;43m.[39;49m[43m_plot_args[49m[43m([49m
[0;32m    304[0m [43m    [49m[43maxes[49m[43m,[49m[43m [49m[43mthis[49m[43m,[49m[43m [49m[43mkwargs[49m[43m,[49m[43m [49m[43mambiguous_fmt_datakey[49m[38;5;241;43m=[39;49m[43mambiguous_fmt_datakey[49m[43m)[49m

File [1;32m~\Anaconda3\envs\GEOF211_compendium\Lib\site-packages\matplotlib\axes\_base.py:499[0m, in [0;36m_process_plot_var_args._plot_args[1;34m(self, axes, tup, kwargs, return_kwargs, ambiguous_fmt_datakey)[0m
[0;32m    496[0m     axes[38;5;241m.[39myaxis[38;5;241m.[39mupdate_units(y)
[0;32m    498[0m [38;5;28;01mif[39;00m x[38;5;241m.[39mshape[[38;5;241m0[39m] [38;5;241m!=[39m y[38;5;241m.[39mshape[[38;5;241m0[39m]:
[1;32m--> 499[0m     [38;5;28;01mraise[39;00m [38;5;167;01mValueError[39;00m([38;5;124mf[39m[38;5;124m"[39m[38;5;124mx and y must have same first dimension, but [39m[38;5;124m"[39m
[0;32m    500[0m                      [38;5;124mf[39m[38;5;124m"[39m[38;5;124mhave shapes [39m[38;5;132;01m{[39;00mx[38;5;241m.[39mshape[38;5;132;01m}[39;00m[38;5;124m and [39m[38;5;132;01m{[39;00my[38;5;241m.[39mshape[38;5;132;01m}[39;00m[38;5;124m"[39m)
[0;32m    501[0m [38;5;28;01mif[39;00m x[38;5;241m.[39mndim [38;5;241m>[39m [38;5;241m2[39m [38;5;129;01mor[39;00m y[38;5;241m.[39mndim [38;5;241m>[39m [38;5;241m2[39m:
[0;32m    502[0m     [38;5;28;01mraise[39;00m [38;5;167;01mValueError[39;00m([38;5;124mf[39m[38;5;124m"[39m[38;5;124mx and y can be no greater than 2D, but have [39m[38;5;124m"[39m
[0;32m    503[0m                      [38;5;124mf[39m[38;5;124m"[39m[38;5;124mshapes [39m[38;5;132;01m{[39;00mx[38;5;241m.[39mshape[38;5;132;01m}[39;00m[38;5;124m and [39m[38;5;132;01m{[39;00my[38;5;241m.[39mshape[38;5;132;01m}[39;00m[38;5;124m"[39m)

[1;31mValueError[0m: x and y must have same first dimension, but have shapes (315,) and (51,)

